2022-02-01 15:03:44,577 INFO o.a.j.u.JMeterUtils: Setting Locale to en_EN
2022-02-01 15:03:44,594 INFO o.a.j.JMeter: Loading user properties from: C:\apache-jmeter-5.4.3\bin\user.properties
2022-02-01 15:03:44,595 INFO o.a.j.JMeter: Loading system properties from: C:\apache-jmeter-5.4.3\bin\system.properties
2022-02-01 15:03:44,601 INFO o.a.j.JMeter: Copyright (c) 1998-2021 The Apache Software Foundation
2022-02-01 15:03:44,602 INFO o.a.j.JMeter: Version 5.4.3
2022-02-01 15:03:44,602 INFO o.a.j.JMeter: java.version=11.0.5
2022-02-01 15:03:44,602 INFO o.a.j.JMeter: java.vm.name=OpenJDK 64-Bit Server VM
2022-02-01 15:03:44,602 INFO o.a.j.JMeter: os.name=Windows 10
2022-02-01 15:03:44,602 INFO o.a.j.JMeter: os.arch=amd64
2022-02-01 15:03:44,602 INFO o.a.j.JMeter: os.version=10.0
2022-02-01 15:03:44,603 INFO o.a.j.JMeter: file.encoding=Cp1252
2022-02-01 15:03:44,603 INFO o.a.j.JMeter: java.awt.headless=true
2022-02-01 15:03:44,603 INFO o.a.j.JMeter: Max memory     =1073741824
2022-02-01 15:03:44,603 INFO o.a.j.JMeter: Available Processors =8
2022-02-01 15:03:44,615 INFO o.a.j.JMeter: Default Locale=English (EN)
2022-02-01 15:03:44,616 INFO o.a.j.JMeter: JMeter  Locale=English (EN)
2022-02-01 15:03:44,616 INFO o.a.j.JMeter: JMeterHome=C:\apache-jmeter-5.4.3
2022-02-01 15:03:44,616 INFO o.a.j.JMeter: user.dir  =C:\Idorsia_WS\jmeter-metrics\jmeter-metrics
2022-02-01 15:03:44,617 INFO o.a.j.JMeter: PWD       =C:\Idorsia_WS\jmeter-metrics\jmeter-metrics
2022-02-01 15:03:44,618 INFO o.a.j.JMeter: IP: 10.100.229.144 Name: CHALW-D000335 FullName: CHALW-D000335.idorsia.com
2022-02-01 15:03:44,622 INFO o.a.j.JMeter: Setting property 'jmeter.reportgenerator.outputdir' to:'C:\Users\benmeka1\OneDrive - Idorsia\Desktop\jmeter\osiris\reports'
2022-02-01 15:03:44,624 INFO o.a.j.s.FileServer: Default base='C:\Idorsia_WS\jmeter-metrics\jmeter-metrics'
2022-02-01 15:03:44,625 INFO o.a.j.s.FileServer: Set new base='C:\Users\benmeka1\OneDrive - Idorsia\Desktop\jmeter\osiris'
2022-02-01 15:03:44,762 INFO o.a.j.s.SaveService: Testplan (JMX) version: 2.2. Testlog (JTL) version: 2.2
2022-02-01 15:03:44,785 INFO o.a.j.s.SaveService: Using SaveService properties version 5.0
2022-02-01 15:03:44,789 INFO o.a.j.s.SaveService: Using SaveService properties file encoding UTF-8
2022-02-01 15:03:44,793 INFO o.a.j.s.SaveService: Loading file: C:\Users\benmeka1\OneDrive - Idorsia\Desktop\jmeter\osiris\OsirisRestApi.jmx
2022-02-01 15:03:44,840 INFO o.a.j.p.h.s.HTTPSamplerBase: Parser for text/html is org.apache.jmeter.protocol.http.parser.LagartoBasedHtmlParser
2022-02-01 15:03:44,840 INFO o.a.j.p.h.s.HTTPSamplerBase: Parser for application/xhtml+xml is org.apache.jmeter.protocol.http.parser.LagartoBasedHtmlParser
2022-02-01 15:03:44,841 INFO o.a.j.p.h.s.HTTPSamplerBase: Parser for application/xml is org.apache.jmeter.protocol.http.parser.LagartoBasedHtmlParser
2022-02-01 15:03:44,841 INFO o.a.j.p.h.s.HTTPSamplerBase: Parser for text/xml is org.apache.jmeter.protocol.http.parser.LagartoBasedHtmlParser
2022-02-01 15:03:44,841 INFO o.a.j.p.h.s.HTTPSamplerBase: Parser for text/vnd.wap.wml is org.apache.jmeter.protocol.http.parser.RegexpHTMLParser
2022-02-01 15:03:44,841 INFO o.a.j.p.h.s.HTTPSamplerBase: Parser for text/css is org.apache.jmeter.protocol.http.parser.CssParser
2022-02-01 15:03:44,849 INFO o.a.j.p.h.c.CacheManager: Will only cache the following methods: [GET]
2022-02-01 15:03:44,851 INFO o.a.j.p.h.c.CookieManager: Settings: Delete null: true Check: true Allow variable: true Save: false Prefix: COOKIE_
2022-02-01 15:03:44,888 INFO o.a.j.JMeter: Creating summariser <summary>
2022-02-01 15:03:44,892 INFO o.a.j.r.d.ReportGenerator: ReportGenerator will use for Parsing the separator: ','
2022-02-01 15:03:44,892 INFO o.a.j.r.d.ReportGenerator: Will generate report at end of test from  results file: C:/Users/benmeka1/OneDrive - Idorsia/Desktop/jmeter/osiris/2022-02-01-Results.csv
2022-02-01 15:03:44,893 INFO o.a.j.r.d.ReportGenerator: Reading report generator properties from: C:\apache-jmeter-5.4.3\bin\reportgenerator.properties
2022-02-01 15:03:44,893 INFO o.a.j.r.d.ReportGenerator: Merging with JMeter properties
2022-02-01 15:03:44,896 INFO o.a.j.r.c.ReportGeneratorConfiguration: Property 'jmeter.reportgenerator.temp_dir' not found, using default value 'temp' instead.
2022-02-01 15:03:44,899 INFO o.a.j.r.c.ReportGeneratorConfiguration: Property 'jmeter.reportgenerator.apdex_per_transaction' not found, using default value 'null' instead.
2022-02-01 15:03:44,899 INFO o.a.j.r.c.ReportGeneratorConfiguration: apdex_per_transaction is empty, not APDEX per transaction customization
2022-02-01 15:03:44,900 INFO o.a.j.r.c.ReportGeneratorConfiguration: Property 'jmeter.reportgenerator.sample_filter' not found, using default value 'null' instead.
2022-02-01 15:03:44,900 INFO o.a.j.r.c.ReportGeneratorConfiguration: Property 'jmeter.reportgenerator.report_title' not found, using default value 'null' instead.
2022-02-01 15:03:44,900 INFO o.a.j.r.c.ReportGeneratorConfiguration: Property 'jmeter.reportgenerator.start_date' not found, using default value 'null' instead.
2022-02-01 15:03:44,900 INFO o.a.j.r.c.ReportGeneratorConfiguration: Property 'jmeter.reportgenerator.end_date' not found, using default value 'null' instead.
2022-02-01 15:03:44,900 INFO o.a.j.r.c.ReportGeneratorConfiguration: Property 'jmeter.reportgenerator.date_format' not found, using default value 'null' instead.
2022-02-01 15:03:44,901 INFO o.a.j.r.c.ReportGeneratorConfiguration: Will use date range start date: null, end date: null
2022-02-01 15:03:44,905 INFO o.a.j.r.c.ReportGeneratorConfiguration: Property 'jmeter.reportgenerator.graph.totalTPS.exclude_controllers' not found, using default value 'false' instead.
2022-02-01 15:03:44,905 INFO o.a.j.r.c.ReportGeneratorConfiguration: Property 'jmeter.reportgenerator.graph.activeThreadsOverTime.exclude_controllers' not found, using default value 'false' instead.
2022-02-01 15:03:44,905 INFO o.a.j.r.c.ReportGeneratorConfiguration: Property 'jmeter.reportgenerator.graph.timeVsThreads.exclude_controllers' not found, using default value 'false' instead.
2022-02-01 15:03:44,906 INFO o.a.j.r.c.ReportGeneratorConfiguration: Property 'jmeter.reportgenerator.graph.responseTimeDistribution.exclude_controllers' not found, using default value 'false' instead.
2022-02-01 15:03:44,906 INFO o.a.j.r.c.ReportGeneratorConfiguration: Property 'jmeter.reportgenerator.graph.transactionsPerSecond.exclude_controllers' not found, using default value 'false' instead.
2022-02-01 15:03:44,906 INFO o.a.j.r.c.ReportGeneratorConfiguration: Property 'jmeter.reportgenerator.graph.responseTimePercentiles.exclude_controllers' not found, using default value 'false' instead.
2022-02-01 15:03:44,906 INFO o.a.j.r.c.ReportGeneratorConfiguration: Property 'jmeter.reportgenerator.graph.responseTimePercentilesOverTime.exclude_controllers' not found, using default value 'false' instead.
2022-02-01 15:03:44,907 INFO o.a.j.r.c.ReportGeneratorConfiguration: Property 'jmeter.reportgenerator.graph.responseTimesOverTime.exclude_controllers' not found, using default value 'false' instead.
2022-02-01 15:03:44,907 INFO o.a.j.r.c.ReportGeneratorConfiguration: Property 'jmeter.reportgenerator.graph.connectTimeOverTime.exclude_controllers' not found, using default value 'false' instead.
2022-02-01 15:03:44,907 INFO o.a.j.r.c.ReportGeneratorConfiguration: Property 'jmeter.reportgenerator.graph.latenciesOverTime.exclude_controllers' not found, using default value 'false' instead.
2022-02-01 15:03:44,908 INFO o.a.j.r.c.ReportGeneratorConfiguration: Property 'jmeter.reportgenerator.exporter.json.filters_only_sample_series' not found, using default value 'true' instead.
2022-02-01 15:03:44,908 INFO o.a.j.r.c.ReportGeneratorConfiguration: Property 'jmeter.reportgenerator.exporter.json.series_filter' not found, using default value '' instead.
2022-02-01 15:03:44,908 INFO o.a.j.r.c.ReportGeneratorConfiguration: Property 'jmeter.reportgenerator.exporter.json.show_controllers_only' not found, using default value 'false' instead.
2022-02-01 15:03:44,909 INFO o.a.j.r.c.ReportGeneratorConfiguration: Property 'jmeter.reportgenerator.exporter.html.filters_only_sample_series' not found, using default value 'true' instead.
2022-02-01 15:03:44,909 INFO o.a.j.r.c.ReportGeneratorConfiguration: Property 'jmeter.reportgenerator.exporter.html.series_filter' not found, using default value '' instead.
2022-02-01 15:03:44,910 INFO o.a.j.r.c.ReportGeneratorConfiguration: Property 'jmeter.reportgenerator.exporter.html.show_controllers_only' not found, using default value 'false' instead.
2022-02-01 15:03:44,915 INFO o.a.j.e.StandardJMeterEngine: Running the test!
2022-02-01 15:03:44,916 INFO o.a.j.s.SampleEvent: List of sample_variables: []
2022-02-01 15:03:44,916 INFO o.a.j.s.SampleEvent: List of sample_variables: []
2022-02-01 15:03:44,924 INFO o.a.j.e.u.CompoundVariable: Note: Function class names must contain the string: '.functions.'
2022-02-01 15:03:44,925 INFO o.a.j.e.u.CompoundVariable: Note: Function class names must not contain the string: '.gui.'
2022-02-01 15:03:45,189 INFO o.a.j.JMeter: Running test (1643724225189)
2022-02-01 15:03:45,202 INFO o.a.j.e.StandardJMeterEngine: Starting ThreadGroup: 1 : Thread Group
2022-02-01 15:03:45,202 INFO o.a.j.e.StandardJMeterEngine: Starting 1 threads for group Thread Group.
2022-02-01 15:03:45,203 INFO o.a.j.e.StandardJMeterEngine: Thread will continue on error
2022-02-01 15:03:45,203 INFO o.a.j.t.ThreadGroup: Starting thread group... number=1 threads=1 ramp-up=1 delayedStart=false
2022-02-01 15:03:45,207 INFO o.a.j.t.ThreadGroup: Started thread group number 1
2022-02-01 15:03:45,207 INFO o.a.j.e.StandardJMeterEngine: All thread groups have been started
2022-02-01 15:03:45,212 INFO o.a.j.t.JMeterThread: Thread started: Thread Group 1-1
2022-02-01 15:03:45,226 INFO o.a.j.p.h.s.HTTPHCAbstractImpl: Local host = CHALW-D000335
2022-02-01 15:03:45,231 INFO o.a.j.p.h.s.HTTPHC4Impl: HTTP request retry count = 0
2022-02-01 15:03:45,232 INFO o.a.j.s.SampleResult: Note: Sample TimeStamps are START times
2022-02-01 15:03:45,232 INFO o.a.j.s.SampleResult: sampleresult.default.encoding is set to ISO-8859-1
2022-02-01 15:03:45,232 INFO o.a.j.s.SampleResult: sampleresult.useNanoTime=true
2022-02-01 15:03:45,233 INFO o.a.j.s.SampleResult: sampleresult.nanoThreadSleep=5000
2022-02-01 15:03:52,106 INFO o.a.j.t.JMeterThread: Thread is done: Thread Group 1-1
2022-02-01 15:03:52,106 INFO o.a.j.t.JMeterThread: Thread finished: Thread Group 1-1
2022-02-01 15:03:52,107 INFO o.a.j.e.StandardJMeterEngine: Notifying test listeners of end of test
2022-02-01 15:03:52,109 INFO o.a.j.r.Summariser: summary =      6 in 00:00:07 =    0.9/s Avg:  1138 Min:    44 Max:  2947 Err:     0 (0.00%)
2022-02-01 15:03:52,109 INFO o.a.j.JMeter: Generating Dashboard
2022-02-01 15:03:52,109 INFO o.a.j.r.d.ReportGenerator: Flushing result collector before report Generation
2022-02-01 15:03:52,121 INFO o.a.j.r.p.NormalizerSampleConsumer: Using format, 'ms', to parse timeStamp field
2022-02-01 15:03:52,295 INFO o.a.j.r.p.AbstractSampleConsumer: class org.apache.jmeter.report.processor.AggregateConsumer#stopProducing(): beginDate produced 0 samples
2022-02-01 15:03:52,295 INFO o.a.j.r.p.AbstractSampleConsumer: class org.apache.jmeter.report.processor.AggregateConsumer#stopProducing(): endDate produced 0 samples
2022-02-01 15:03:52,297 INFO o.a.j.r.p.AbstractSampleConsumer: class org.apache.jmeter.report.processor.ApdexSummaryConsumer#stopProducing(): apdexSummary produced 0 samples
2022-02-01 15:03:52,297 INFO o.a.j.r.p.AbstractSampleConsumer: class org.apache.jmeter.report.processor.RequestsSummaryConsumer#stopProducing(): requestsSummary produced 0 samples
2022-02-01 15:03:52,303 INFO o.a.j.r.p.AbstractSampleConsumer: class org.apache.jmeter.report.processor.StatisticsSummaryConsumer#stopProducing(): statisticsSummary produced 0 samples
2022-02-01 15:03:52,304 INFO o.a.j.r.p.AbstractSampleConsumer: class org.apache.jmeter.report.processor.Top5ErrorsBySamplerConsumer#stopProducing(): top5ErrorsBySampler produced 0 samples
2022-02-01 15:03:52,304 INFO o.a.j.r.p.AbstractSampleConsumer: class org.apache.jmeter.report.processor.ErrorsSummaryConsumer#stopProducing(): errorsSummary produced 0 samples
2022-02-01 15:03:52,304 INFO o.a.j.r.p.AbstractSampleConsumer: class org.apache.jmeter.report.processor.graph.impl.HitsPerSecondGraphConsumer#stopProducing(): hitsPerSecond produced 0 samples
2022-02-01 15:03:52,311 INFO o.a.j.r.p.AbstractSampleConsumer: class org.apache.jmeter.report.processor.graph.impl.LatencyVSRequestGraphConsumer#stopProducing(): latencyVsRequest produced 0 samples
2022-02-01 15:03:52,311 INFO o.a.j.r.p.AbstractSampleConsumer: class org.apache.jmeter.report.processor.graph.impl.SyntheticResponseTimeDistributionGraphConsumer#stopProducing(): syntheticResponseTimeDistribution produced 0 samples
2022-02-01 15:03:52,312 INFO o.a.j.r.p.AbstractSampleConsumer: class org.apache.jmeter.report.processor.graph.impl.BytesThroughputGraphConsumer#stopProducing(): bytesThroughputOverTime produced 0 samples
2022-02-01 15:03:52,312 INFO o.a.j.r.p.AbstractSampleConsumer: class org.apache.jmeter.report.processor.graph.impl.CodesPerSecondGraphConsumer#stopProducing(): codesPerSecond produced 0 samples
2022-02-01 15:03:52,315 INFO o.a.j.r.p.AbstractSampleConsumer: class org.apache.jmeter.report.processor.graph.impl.ResponseTimeVSRequestGraphConsumer#stopProducing(): responseTimeVsRequest produced 0 samples
2022-02-01 15:03:52,316 INFO o.a.j.r.p.AbstractSampleConsumer: class org.apache.jmeter.report.processor.FilterConsumer#stopProducing(): startIntervalControlerFilter produced 42 samples
2022-02-01 15:03:52,316 INFO o.a.j.r.p.AbstractSampleConsumer: class org.apache.jmeter.report.processor.graph.impl.TotalTPSGraphConsumer#stopProducing(): totalTPS produced 0 samples
2022-02-01 15:03:52,316 INFO o.a.j.r.p.AbstractSampleConsumer: class org.apache.jmeter.report.processor.graph.impl.ActiveThreadsGraphConsumer#stopProducing(): activeThreadsOverTime produced 0 samples
2022-02-01 15:03:52,316 INFO o.a.j.r.p.AbstractSampleConsumer: class org.apache.jmeter.report.processor.graph.impl.TimeVSThreadGraphConsumer#stopProducing(): timeVsThreads produced 0 samples
2022-02-01 15:03:52,316 INFO o.a.j.r.p.AbstractSampleConsumer: class org.apache.jmeter.report.processor.graph.impl.ResponseTimeDistributionGraphConsumer#stopProducing(): responseTimeDistribution produced 0 samples
2022-02-01 15:03:52,317 INFO o.a.j.r.p.AbstractSampleConsumer: class org.apache.jmeter.report.processor.graph.impl.TransactionsPerSecondGraphConsumer#stopProducing(): transactionsPerSecond produced 0 samples
2022-02-01 15:03:52,317 INFO o.a.j.r.p.AbstractSampleConsumer: class org.apache.jmeter.report.processor.graph.impl.ResponseTimePercentilesGraphConsumer#stopProducing(): responseTimePercentiles produced 0 samples
2022-02-01 15:03:52,318 INFO o.a.j.r.p.AbstractSampleConsumer: class org.apache.jmeter.report.processor.graph.impl.ResponseTimePercentilesOverTimeGraphConsumer#stopProducing(): responseTimePercentilesOverTime produced 0 samples
2022-02-01 15:03:52,319 INFO o.a.j.r.p.AbstractSampleConsumer: class org.apache.jmeter.report.processor.graph.impl.ResponseTimeOverTimeGraphConsumer#stopProducing(): responseTimesOverTime produced 0 samples
2022-02-01 15:03:52,319 INFO o.a.j.r.p.AbstractSampleConsumer: class org.apache.jmeter.report.processor.graph.impl.ConnectTimeOverTimeGraphConsumer#stopProducing(): connectTimeOverTime produced 0 samples
2022-02-01 15:03:52,319 INFO o.a.j.r.p.AbstractSampleConsumer: class org.apache.jmeter.report.processor.graph.impl.LatencyOverTimeGraphConsumer#stopProducing(): latenciesOverTime produced 0 samples
2022-02-01 15:03:52,319 INFO o.a.j.r.p.AbstractSampleConsumer: class org.apache.jmeter.report.processor.FilterConsumer#stopProducing(): nameFilter produced 90 samples
2022-02-01 15:03:52,319 INFO o.a.j.r.p.AbstractSampleConsumer: class org.apache.jmeter.report.processor.FilterConsumer#stopProducing(): dateRangeFilter produced 18 samples
2022-02-01 15:03:52,319 INFO o.a.j.r.p.AbstractSampleConsumer: class org.apache.jmeter.report.processor.NormalizerSampleConsumer#stopProducing(): normalizer produced 6 samples
2022-02-01 15:03:52,320 INFO o.a.j.r.p.CsvFileSampleSource: produce(): 6 samples produced in 180ms on channel 0
2022-02-01 15:03:52,320 INFO o.a.j.r.d.ReportGenerator: Exporting data using exporter:'json' of className:'org.apache.jmeter.report.dashboard.JsonExporter'
2022-02-01 15:03:52,414 INFO o.a.j.r.d.JsonExporter: Found data for consumer statisticsSummary in context
2022-02-01 15:03:52,414 INFO o.a.j.r.d.JsonExporter: Creating statistics for overall
2022-02-01 15:03:52,415 INFO o.a.j.r.d.JsonExporter: Creating statistics for other transactions
2022-02-01 15:03:52,415 INFO o.a.j.r.d.JsonExporter: Checking output folder
2022-02-01 15:03:52,416 INFO o.a.j.r.d.JsonExporter: Writing statistics JSON to C:\Users\benmeka1\OneDrive - Idorsia\Desktop\jmeter\osiris\reports\statistics.json
2022-02-01 15:03:52,458 INFO o.a.j.r.d.ReportGenerator: Exporting data using exporter:'html' of className:'org.apache.jmeter.report.dashboard.HtmlTemplateExporter'
2022-02-01 15:03:52,462 INFO o.a.j.r.d.HtmlTemplateExporter: Will generate dashboard in folder: C:\Users\benmeka1\OneDrive - Idorsia\Desktop\jmeter\osiris\reports
2022-02-01 15:03:52,559 INFO o.a.j.r.d.HtmlTemplateExporter: Report will be generated in: C:\Users\benmeka1\OneDrive - Idorsia\Desktop\jmeter\osiris\reports, creating folder structure
2022-02-01 15:03:52,562 INFO o.a.j.r.d.TemplateVisitor: Copying folder from 'C:\apache-jmeter-5.4.3\bin\report-template' to 'C:\Users\benmeka1\OneDrive - Idorsia\Desktop\jmeter\osiris\reports', got message: C:\Users\benmeka1\OneDrive - Idorsia\Desktop\jmeter\osiris\reports, found non empty folder with following content [C:\Users\benmeka1\OneDrive - Idorsia\Desktop\jmeter\osiris\reports\statistics.json], will be ignored
2022-02-01 15:03:53,109 INFO o.a.j.JMeter: Dashboard generated
